C51 COMPILER V9.00   TX                                                                    03/01/2014 15:29:20 PAGE 1   


C51 COMPILER V9.00, COMPILATION OF MODULE TX
OBJECT MODULE PLACED IN tx.OBJ
COMPILER INVOKED BY: C:\Keil\C51\BIN\C51.EXE tx.c BROWSE DEBUG OBJECTEXTEND TABS(2)

line level    source

   1          //安装目录下的EXE文件打开后可在电脑上显示当前温度值
   2          #include <reg52.h>
   3          #define uchar unsigned char
   4          #define uint unsigned int
   5          sbit DS=P2^2;           //define interface
   6          uint temp;             // variable of temperature
   7          
   8          void delay(uint count)      //delay
   9          {
  10   1        uint i;
  11   1        while(count)
  12   1        {
  13   2          i=200;
  14   2          while(i>0)
  15   2          i--;
  16   2          count--;
  17   2        }
  18   1      }
  19          ///////功能:串口初始化,波特率9600，方式1///////
  20          void Init_Com(void)
  21          {
  22   1           TMOD = 0x20;
  23   1           PCON = 0x00;
  24   1           SCON = 0x50;
  25   1           TH1 = 0xFd;
  26   1           TL1 = 0xFd;
  27   1           TR1 = 1;
  28   1      }
  29          
  30          void dsreset(void)       //send reset and initialization command
  31          {
  32   1        uint i;
  33   1        DS=0;
  34   1        i=103;
  35   1        while(i>0)i--;
  36   1        DS=1;
  37   1        i=4;
  38   1        while(i>0)i--;
  39   1      }
  40          
  41          bit tmpreadbit(void)       //read a bit
  42          {
  43   1         uint i;
  44   1         bit dat;
  45   1         DS=0;i++;          //i++ for delay
  46   1         DS=1;i++;i++;
  47   1         dat=DS;
  48   1         i=8;while(i>0)i--;
  49   1         return (dat);
  50   1      }
  51          
  52          uchar tmpread(void)   //read a byte date
  53          {
  54   1        uchar i,j,dat;
  55   1        dat=0;
C51 COMPILER V9.00   TX                                                                    03/01/2014 15:29:20 PAGE 2   

  56   1        for(i=1;i<=8;i++)
  57   1        {
  58   2          j=tmpreadbit();
  59   2          dat=(j<<7)|(dat>>1);   //读出的数据最低位在最前面，这样刚好一个字节在DAT里
  60   2        }
  61   1        return(dat);
  62   1      }
  63          
  64          void tmpwritebyte(uchar dat)   //write a byte to ds18b20
  65          {
  66   1        uint i;
  67   1        uchar j;
  68   1        bit testb;
  69   1        for(j=1;j<=8;j++)
  70   1        {
  71   2          testb=dat&0x01;
  72   2          dat=dat>>1;
  73   2          if(testb)     //write 1
  74   2          {
  75   3            DS=0;
  76   3            i++;i++;
  77   3            DS=1;
  78   3            i=8;while(i>0)i--;
  79   3          }
  80   2          else
  81   2          {
  82   3            DS=0;       //write 0
  83   3            i=8;while(i>0)i--;
  84   3            DS=1;
  85   3            i++;i++;
  86   3          }
  87   2      
  88   2        }
  89   1      }
  90          
  91          void tmpchange(void)  //DS18B20 begin change
  92          {
  93   1        dsreset();
  94   1        delay(1);
  95   1        tmpwritebyte(0xcc);  // address all drivers on bus
  96   1        tmpwritebyte(0x44);  //  initiates a single temperature conversion
  97   1      }
  98          
  99          uint tmp()               //get the temperature
 100          {
 101   1        float tt;
 102   1        uchar a,b;
 103   1        dsreset();
 104   1        delay(1);
 105   1        tmpwritebyte(0xcc);
 106   1        tmpwritebyte(0xbe);
 107   1        a=tmpread();
 108   1        b=tmpread();
 109   1      
 110   1        SBUF = a;
 111   1        delay(0xF);
 112   1        SBUF = b;
 113   1        delay(0x7FF);
 114   1      
 115   1        temp=b;
 116   1        temp<<=8;             //two byte  compose a int variable
 117   1        temp=temp|a;
C51 COMPILER V9.00   TX                                                                    03/01/2014 15:29:20 PAGE 3   

 118   1        tt=temp*0.0625;
 119   1        temp=tt*10+0.5;
 120   1        return temp;
 121   1      }
 122          
 123          
 124          void main()
 125          {
 126   1       uchar a;
 127   1       Init_Com();
 128   1        do
 129   1        {
 130   2          tmpchange();  
 131   2          for(a=10;a>0;a--)
 132   2          {   
 133   3            tmp();
 134   3          }
 135   2        }while(1);
 136   1      }
 137            


MODULE INFORMATION:   STATIC OVERLAYABLE
   CODE SIZE        =    370    ----
   CONSTANT SIZE    =   ----    ----
   XDATA SIZE       =   ----    ----
   PDATA SIZE       =   ----    ----
   DATA SIZE        =      2       5
   IDATA SIZE       =   ----    ----
   BIT SIZE         =   ----       2
END OF MODULE INFORMATION.


C51 COMPILATION COMPLETE.  0 WARNING(S),  0 ERROR(S)
